android/proguard/seeds.txt
com.crazyamber.ttlus.MainActivity
com.crazyamber.ttlus.MainActivity: MainActivity()
com.crazyamber.ttlus.R$attr
com.crazyamber.ttlus.R$drawable
com.crazyamber.ttlus.R$drawable: int icon
com.crazyamber.ttlus.R$drawable: int newicon
com.crazyamber.ttlus.R$string
com.crazyamber.ttlus.R$string: int app_name
...
com.umeng.common.net.DownloadingService
com.umeng.common.net.DownloadingService: java.lang.String i
com.umeng.common.net.DownloadingService: android.app.NotificationManager j
com.umeng.common.net.DownloadingService: int a
com.umeng.common.net.DownloadingService: int b
com.umeng.common.net.DownloadingService: int c
com.umeng.common.net.DownloadingService: int d
com.umeng.common.net.DownloadingService: int e
com.umeng.common.net.DownloadingService: int f
com.umeng.common.net.DownloadingService: java.lang.String g
com.umeng.common.net.DownloadingService: java.lang.String[] k
com.umeng.common.net.DownloadingService: java.util.Map l
com.umeng.common.net.DownloadingService: android.os.Messenger h
com.umeng.common.net.DownloadingService: DownloadingService()
com.umeng.common.net.DownloadingService: android.os.IBinder onBind(android.content.Intent)
com.umeng.common.net.DownloadingService: void onStart(android.content.Intent,int)
com.umeng.common.net.DownloadingService: void onCreate()
com.umeng.common.net.DownloadingService: void b(com.umeng.common.net.a$a)
com.umeng.common.net.DownloadingService: boolean b(android.content.Context)
com.umeng.common.net.DownloadingService: boolean c(com.umeng.common.net.a$a)
com.umeng.common.net.DownloadingService: void onDestroy()
com.umeng.common.net.DownloadingService: void b(java.lang.String[])
com.umeng.common.net.DownloadingService: java.lang.String a()
com.umeng.common.net.a
com.umeng.common.net.a: java.lang.String b
com.umeng.common.net.a: android.content.Context c
com.umeng.common.net.a: com.umeng.common.net.e d
com.umeng.common.net.a: android.os.Messenger e
com.umeng.common.net.a: java.lang.String f
com.umeng.common.net.a: java.lang.String g
com.umeng.common.net.a: java.lang.String h
com.umeng.common.net.a: java.lang.String[] i
com.umeng.common.net.a: android.os.Messenger a
com.umeng.common.net.a: android.content.ServiceConnection j
com.umeng.common.net.a: void a(java.lang.String[])
com.umeng.common.net.a: a(android.content.Context,java.lang.String,java.lang.String,java.lang.String,com.umeng.common.net.e)
com.umeng.common.net.a: void a()
com.umeng.common.net.a: java.lang.String b()
com.umeng.common.net.a: com.umeng.common.net.e a(com.umeng.common.net.a)
com.umeng.common.net.a: android.content.ServiceConnection b(com.umeng.common.net.a)
com.umeng.common.net.a: android.content.Context c(com.umeng.common.net.a)
com.umeng.common.net.a: android.os.Messenger a(com.umeng.common.net.a,android.os.Messenger)
com.umeng.common.net.a: java.lang.String d(com.umeng.common.net.a)
com.umeng.common.net.a: java.lang.String e(com.umeng.common.net.a)
com.umeng.common.net.a: java.lang.String f(com.umeng.common.net.a)
com.umeng.common.net.a: android.os.Messenger g(com.umeng.common.net.a)
com.umeng.common.net.a: void <clinit>()