android/proguard/mapping.txt
com.crazyamber.ttlus.ADAdapter -> com.crazyamber.ttlus.a:
    com.adsmogo.adview.AdsMogoLayout _adsMogoLayoutCode -> d
    android.widget.RelativeLayout _adLayout -> e
    android.app.Activity _activity -> a
    android.content.Context _context -> b
    com.crazyamber.ttlus.AnalyzerAdapter _analyzer -> c
    com.crazyamber.core.SimpleCipher _c -> f
    java.lang.String _channel_id -> g
    com.crazyamber.ttlus.ADAdapter$_ADConfig _config -> h
    void _rebuildAD() -> b
    void _destroyAD() -> c
    void _rebuildPush() -> d
    void onClickAd(java.lang.String) -> onClickAd
    void onCloseAd() -> onCloseAd
    void onCloseMogoDialog() -> onCloseMogoDialog
    void onFailedReceiveAd() -> onFailedReceiveAd
    void onRealClickAd() -> onRealClickAd
    void onReceiveAd(android.view.ViewGroup,java.lang.String) -> onReceiveAd
    void onRequestAd(java.lang.String) -> onRequestAd
    void _updateADConfig() -> e
    void setup(android.app.Activity,android.widget.RelativeLayout,com.crazyamber.ttlus.AnalyzerAdapter) -> a
    void cleanup() -> a
    void update(int) -> a
com.crazyamber.ttlus.ADAdapter$_ADConfig -> com.crazyamber.ttlus.b:
    java.lang.String channel -> b
    java.lang.String idcn -> c
    java.lang.String iden -> d
    int nClickLimit -> e
    boolean bEnableADMenu -> f
    boolean bEnableADPlay -> g
    boolean bEnablePush -> h
    boolean bEnableAppDownload -> i
    boolean bDirty -> j
    com.crazyamber.ttlus.ADAdapter this$0 -> a
    int _hashCode() -> b
    java.lang.String adid() -> c
    void setDirty(boolean) -> a
    boolean isDirty() -> a
    boolean parse(java.lang.String,java.lang.String) -> a
    java.lang.String access$1(com.crazyamber.ttlus.ADAdapter$_ADConfig) -> a
    boolean access$2(com.crazyamber.ttlus.ADAdapter$_ADConfig) -> b
    boolean access$3(com.crazyamber.ttlus.ADAdapter$_ADConfig) -> c
    void access$4(com.crazyamber.ttlus.ADAdapter$_ADConfig,boolean) -> a
    void access$5(com.crazyamber.ttlus.ADAdapter$_ADConfig,boolean) -> b
    void access$6(com.crazyamber.ttlus.ADAdapter$_ADConfig,boolean) -> c
    void access$7(com.crazyamber.ttlus.ADAdapter$_ADConfig,boolean) -> d
    void access$8(com.crazyamber.ttlus.ADAdapter$_ADConfig,java.lang.String) -> a
    void access$9(com.crazyamber.ttlus.ADAdapter$_ADConfig,java.lang.String) -> b
    void access$10(com.crazyamber.ttlus.ADAdapter$_ADConfig,java.lang.String) -> c
    boolean access$11(com.crazyamber.ttlus.ADAdapter$_ADConfig) -> d
com.crazyamber.ttlus.AnalyzerAdapter -> com.crazyamber.ttlus.c:
    android.content.Context _context -> a
    void setup(android.content.Context) -> a
    void pause(android.content.Context) -> b
    void resume(android.content.Context) -> c
    void onEvent(android.content.Context,java.lang.String) -> a
    java.lang.String getConfigParams(java.lang.String) -> a
    android.content.Context access$0(com.crazyamber.ttlus.AnalyzerAdapter) -> a
com.crazyamber.ttlus.AnalyzerAdapter$1 -> com.crazyamber.ttlus.d:
    com.crazyamber.ttlus.AnalyzerAdapter this$0 -> a
    void onUpdateReturned(int,com.umeng.update.UpdateResponse) -> onUpdateReturned
com.crazyamber.ttlus.AnalyzerAdapter$2 -> com.crazyamber.ttlus.e:
    com.crazyamber.ttlus.AnalyzerAdapter this$0 -> a
    void OnDownloadEnd(int) -> OnDownloadEnd
...
com.kuguo.ad.bj -> com.kuguo.ad.am:
    com.kuguo.ad.bi a -> a
    void run() -> run
com.kuguo.ad.bk -> com.kuguo.ad.an:
    java.lang.String a -> a
    java.lang.String b -> b
    long c -> c
    java.lang.String d -> d
    byte e -> e
    int f -> f
    java.lang.String g -> g
    int h -> h
    java.lang.String i -> i
    boolean j -> j
    java.lang.String k -> k
    java.lang.Integer l -> l
    java.lang.String m -> m
    java.lang.String n -> n
    int o -> o
    java.lang.String p -> p
    java.lang.String q -> q
    java.lang.String r -> r
    int s -> s
    int t -> t
    java.lang.String u -> u
    int v -> v
    int w -> w
    java.lang.String x -> x
    int y -> y
    int z -> z
    int A -> A
    int B -> B
    int C -> C
    int D -> D
    int E -> E
    int F -> F
    java.lang.String G -> G
    java.lang.String H -> H
    int I -> I
    int J -> J
    int K -> K
    com.kuguo.ad.bk[] a(byte[]) -> a
    java.lang.String toString() -> toString
    java.lang.String a() -> a
    boolean a(java.lang.String) -> a
    void b() -> b
com.kuguo.ad.bl -> com.kuguo.ad.ao:
    com.kuguo.ad.bi a -> a
    void run() -> run
com.kuguo.ad.bm -> com.kuguo.ad.ap:
    float a -> a
    float b -> b
    float c -> c
    float d -> d
    float e -> e
    float f -> f
    android.view.WindowManager g -> g
    int h -> h
    int i -> i
    int j -> j
    int k -> k
    com.kuguo.ad.bg l -> l
    com.kuguo.ad.bm m -> m
    com.kuguo.ad.bm n -> n
    android.view.WindowManager$LayoutParams o -> o
    int p -> p
    android.content.Context q -> q
    android.os.Handler r -> r
    int s -> s
    int t -> t
    int u -> u
    int v -> v
    boolean w -> w
    int x -> x
    android.content.BroadcastReceiver y -> y
    int z -> z
    boolean A -> A
    com.kuguo.ad.bm a(android.content.Context,int) -> a
    boolean onTouchEvent(android.view.MotionEvent) -> onTouchEvent
    void c() -> c
    void d() -> d
    void e() -> e
    void f() -> f
    void g() -> g
    void a(boolean,int) -> a
    void a(int,int) -> a
    void a(int) -> a
    void b(int,int) -> b
    int a() -> a
    int b(int) -> b
    void c(int) -> c
    void b() -> b
    void a(java.lang.String) -> a
    boolean a(float) -> a
    void h() -> h
    int a(com.kuguo.ad.bm) -> a
    int a(com.kuguo.ad.bm,int) -> a
    int b(com.kuguo.ad.bm,int) -> b
    android.os.Handler b(com.kuguo.ad.bm) -> b
    int c(com.kuguo.ad.bm) -> c
    int d(com.kuguo.ad.bm) -> d
    boolean e(com.kuguo.ad.bm) -> e
    boolean f(com.kuguo.ad.bm) -> f
    int c(com.kuguo.ad.bm,int) -> c
com.kuguo.ad.bn -> com.kuguo.ad.aq:
    com.kuguo.ad.q a -> a
    void handleMessage(android.os.Message) -> handleMessage
com.kuguo.ad.bo -> com.kuguo.ad.ar:
    android.widget.ProgressBar a -> a
    android.content.Context b -> b
    boolean c -> c
    com.kuguo.ad.ah d -> d
    int e -> e
    int f -> f
    android.widget.TextView g -> g
    void a() -> a
    void b() -> b
    void c() -> c
    void d() -> d
    void f() -> f
    void e() -> e
    boolean a(com.kuguo.ad.bo) -> a
    int a(com.kuguo.ad.bo,int) -> a
    int b(com.kuguo.ad.bo) -> b
    android.widget.TextView c(com.kuguo.ad.bo) -> c
    int d(com.kuguo.ad.bo) -> d
    android.content.Context e(com.kuguo.ad.bo) -> e
com.kuguo.ad.bp -> com.kuguo.ad.as:
    int a -> a
    java.lang.String b -> b
    java.lang.String toString() -> toString
    void a(org.json.JSONObject) -> a
    java.lang.String a() -> a
com.kuguo.ad.bq -> com.kuguo.ad.at:
    void a(com.kuguo.ad.bk) -> a
com.kuguo.ad.br -> com.kuguo.ad.au:
    android.content.Context a -> a
    com.kuguo.ad.bk b -> b
    android.os.Handler c -> c
    int d -> d
    int e -> e
    void a(com.kuguo.a.f,int) -> a
    void a(com.kuguo.a.f,long) -> a
com.kuguo.ad.bs -> com.kuguo.ad.av:
    com.kuguo.ad.bi a -> a
    void handleMessage(android.os.Message) -> handleMessage