android/proguard/usage.txt
com.crazyamber.ttlus.ADAdapter:
    private static final java.lang.String TAG
    public static final int EVENT_Loaded
    public static final int EVENT_Prepare
    public static final int EVENT_Play
com.crazyamber.ttlus.BuildConfig
com.crazyamber.ttlus.R:
    10:10:public R()
...
com.adsmogo.adapters.AirAdAdapter$1:
    94:95:public void onAdBannerShown()
    99:101:public void onAdContentClose()
    105:107:public void onAdContentLoadFinished()
    111:113:public void onAdContentShow()
    118:127:public void onAdReceivedFailed(int)
    132:138:public void onAdReceived()
com.adsmogo.adapters.SuizongAPIAdapter$SuizongScreenManager:
    374:375:public void setAw(java.lang.String)
    382:383:public void setAh(java.lang.String)
com.adsmogo.adview.AdsMogoWebView$AdViewJsObj:
    793:803:public void setWinth(int)
com.adsmogo.util.AdsMogoRequestDomain$DomainList:
    private static final long serialVersionUID
com.crazyamber.core.Logger:
    public static final int NONE
    public static final int ERROR
    public static final int WARN
    public static final int INFO
    public static final int DEBUG
    public static final int VERBOSE
    18:18:public Logger()
    29:31:public static void addTarget(java.lang.String,com.crazyamber.core.Logger$ILoggerTarget)
    350:358:public static void w(java.lang.String,java.lang.String)
    362:370:public static void i(java.lang.String,java.lang.String)
    386:394:public static void v(java.lang.String,java.lang.String)
com.crazyamber.core.Settings:
    7:7:public Settings()
com.crazyamber.core.Threader
com.crazyamber.core.Utils:
    34:34:public Utils()
    45:50:public static boolean isSDCardAvailable()
    55:55:public static long currentTimeMillis()
    60:60:public static java.lang.Integer getAPILevel()
    65:79:public static java.lang.String getPackageVersion(android.content.Context)
    84:91:public static java.lang.String map2String(java.util.HashMap)
    96:97:public static java.lang.String safeString(java.lang.String)
    102:102:public static java.lang.String boolean2str(boolean)
    107:121:public static java.lang.String readStringFromStream(java.io.InputStream)
    128:150:public static java.lang.String getIpAddress()
    238:239:public static android.telephony.TelephonyManager getTelephonyManager(android.content.Context)
    244:260:public static boolean isApplicationHasInstalled(android.content.Context,java.lang.String)
    265:320:public static int hashString2Integer(java.lang.String)
    326:349:public static java.lang.String replace(java.lang.String,java.lang.String,java.lang.String)
    357:366:public static void createShortcut(android.content.Context,java.lang.String,int,java.lang.Class)
    375:394:public static boolean hasShortCut(android.content.Context,java.lang.String)
    406:417:public static void sleep(long)
    421:443:public static void run(java.lang.String,java.lang.String)
    489:490:public static boolean fileExists(java.lang.String)
    550:559:public static int parseInt(java.lang.String)
com.kuguo.ad.JsonEntity
com.kuguo.ad.KuguoAdsManager:
    public static final int STYLE_KUZAI
    public static final int STYLE_KUXUAN
    public static final int APPTYPE
    public static final int GAMETYPE
    public void stopPushMessage(android.content.Context)
    public void showAppList(android.content.Context)
    public void setKuxuanPosition(int,int)
    public void setDefaultAppType(android.content.Context,int)
com.kuguo.ad.MainService:
    public static void a(android.content.Context)
com.kuguo.ad.a:
    public a()
    public static void b(android.content.Context,int)
com.kuguo.ad.au:
    public au()
com.kuguo.ad.bx
com.kuguo.ad.d:
    public d()
com.kuguo.ad.s:
    public s()
com.kuguo.c.a:
    public a()
com.kuguo.c.b:
    public b()
com.kuguo.c.c:
    public c()
com.kuguo.c.d:
    public d()